testCompile: zlibprj => C:\Users\uidf2687\.gradle\caches\modules-2\files-2.1\junit\junit\4.12\2973d150c0dc1fefe998f834810d68f278ea58ec\junit-4.12.jar
testCompile: zlibprj => C:\Users\uidf2687\.gradle\caches\modules-2\files-2.1\org.hamcrest\hamcrest-core\1.3\42a25dc3219429f0e5d060061f71acb49bf010a0\hamcrest-core-1.3.jar
testCompile: dummyprj => D:\casdev\git\sw.tool.gradle_test\build\classes\test
testCompile: dummyprj => D:\casdev\git\sw.tool.gradle_test\build\resources\test
testCompile: dummyprj => D:\casdev\git\sw.tool.gradle_test\zlibprj\build\libs\zlibprj.jar
testCompile: subprj1 => D:\casdev\git\sw.tool.gradle_test\zlibprj\build\classes\test
testCompile: subprj1 => D:\casdev\git\sw.tool.gradle_test\zlibprj\build\resources\test
testCompile: subprj1 => D:\casdev\git\sw.tool.gradle_test\zlibprj\build\libs\zlibprj.jar
testCompile: subprj1 => C:\Users\uidf2687\.gradle\caches\modules-2\files-2.1\junit\junit\4.12\2973d150c0dc1fefe998f834810d68f278ea58ec\junit-4.12.jar
testCompile: subprj1 => C:\Users\uidf2687\.gradle\caches\modules-2\files-2.1\org.hamcrest\hamcrest-core\1.3\42a25dc3219429f0e5d060061f71acb49bf010a0\hamcrest-core-1.3.jar
testCompile: subprj2 => D:\casdev\git\sw.tool.gradle_test\zlibprj\build\classes\test
testCompile: subprj2 => D:\casdev\git\sw.tool.gradle_test\zlibprj\build\resources\test
testCompile: subprj2 => D:\casdev\git\sw.tool.gradle_test\zlibprj\build\libs\zlibprj.jar
testCompile: subprj2 => C:\Users\uidf2687\.gradle\caches\modules-2\files-2.1\junit\junit\4.12\2973d150c0dc1fefe998f834810d68f278ea58ec\junit-4.12.jar
testCompile: subprj2 => C:\Users\uidf2687\.gradle\caches\modules-2\files-2.1\org.hamcrest\hamcrest-core\1.3\42a25dc3219429f0e5d060061f71acb49bf010a0\hamcrest-core-1.3.jar
:compileJava UP-TO-DATE
:processResources UP-TO-DATE
:classes UP-TO-DATE
:jar
:assemble
:compileTestJava UP-TO-DATE
:processTestResources UP-TO-DATE
:testClasses UP-TO-DATE
:test UP-TO-DATE
:check UP-TO-DATE
:build
:zlibprj:compileJava
:zlibprj:processResources
:zlibprj:classes
:zlibprj:jar
:dummyprj:compileJava UP-TO-DATE
:dummyprj:processResources UP-TO-DATE
:dummyprj:classes UP-TO-DATE
:dummyprj:jar
:dummyprj:assemble
:dummyprj:compileTestJava UP-TO-DATE
:dummyprj:processTestResources UP-TO-DATE
:dummyprj:testClasses UP-TO-DATE
:dummyprj:test UP-TO-DATE
:dummyprj:check UP-TO-DATE
:dummyprj:build
:subprj1:compileJava
:subprj1:processResources
:subprj1:classes
:subprj1:jar
:subprj1:assemble
:zlibprj:compileTestJava
:zlibprj:processTestResources
:zlibprj:testClasses
:subprj1:compileTestJava
:subprj1:processTestResources
:subprj1:testClasses
:subprj1:test
:subprj1:check
:subprj1:build
:subprj2:compileJava
:subprj2:processResources
:subprj2:classes
:subprj2:jar
:subprj2:assemble
:subprj2:compileTestJava
:subprj2:processTestResources
:subprj2:testClasses
:subprj2:test
:subprj2:check
:subprj2:build
:zlibprj:assemble
:zlibprj:test
:zlibprj:check
:zlibprj:build

BUILD SUCCESSFUL

Total time: 2.582 secs
